app/build/intermediates/manifest_merge_blame_file/debug/processDebugMainManifest/manifest-merger-blame-debug-report.txt
1<?xml version="1.0" encoding="utf-8"?>
2<manifest xmlns:android="http://schemas.android.com/apk/res/android"
3    package="de.kai_morich.simple_usb_terminal"
4    android:versionCode="3"
5    android:versionName="1.0.2" >
6
7    <uses-sdk
8        android:minSdkVersion="24"
9        android:targetSdkVersion="32" />
10
11    <uses-permission android:name="android.permission.ACCESS_COARSE_LOCATION" />
11-->src\main\AndroidManifest.xml:5:5-81
11-->src\main\AndroidManifest.xml:5:22-78
12    <uses-permission android:name="android.permission.RECEIVE_BOOT_COMPLETED" />
12-->src\main\AndroidManifest.xml:6:5-81
12-->src\main\AndroidManifest.xml:6:22-78
13    <uses-permission android:name="android.permission.ACCESS_FINE_LOCATION" />
13-->src\main\AndroidManifest.xml:7:5-79
13-->src\main\AndroidManifest.xml:7:22-76
14    <uses-permission android:name="android.permission.FOREGROUND_SERVICE" />
14-->src\main\AndroidManifest.xml:8:5-77
14-->src\main\AndroidManifest.xml:8:22-74
15    <uses-permission android:name="android.permission.WAKE_LOCK" />
15-->src\main\AndroidManifest.xml:9:5-68
15-->src\main\AndroidManifest.xml:9:22-65
16
17    <uses-feature
17-->src\main\AndroidManifest.xml:11:5-86
18        android:name="android.hardware.usb.host"
18-->src\main\AndroidManifest.xml:11:19-59
19        android:required="true" />
19-->src\main\AndroidManifest.xml:11:60-83
20
21    <!-- Although the *SdkVersion is captured in gradle build files, this is required for non gradle builds -->
22    <!-- <uses-sdk android:minSdkVersion="14"/> -->
23    <uses-permission android:name="android.permission.ACCESS_NETWORK_STATE" />
23-->[com.google.firebase:firebase-storage:20.3.0] AndroidManifest.xml:23:5-79
23-->[com.google.firebase:firebase-storage:20.3.0] AndroidManifest.xml:23:22-76
24    <uses-permission android:name="android.permission.INTERNET" /> <!-- This dk allows for usb hosting i think says Gemini -->
24-->[com.google.firebase:firebase-storage:20.3.0] AndroidManifest.xml:24:5-67
24-->[com.google.firebase:firebase-storage:20.3.0] AndroidManifest.xml:24:22-64
25    <!-- mipmap/ic_launcher created with Android Studio -> New -> Image Asset using @color/colorPrimaryDark as background color -->
26    <application
26-->src\main\AndroidManifest.xml:14:5-85:19
27        android:appComponentFactory="androidx.core.app.CoreComponentFactory"
27-->[androidx.core:core:1.8.0] AndroidManifest.xml:24:18-86
28        android:debuggable="true"
29        android:extractNativeLibs="false"
30        android:icon="@mipmap/ic_launcher"
30-->src\main\AndroidManifest.xml:15:9-43
31        android:label="@string/app_name"
31-->src\main\AndroidManifest.xml:16:9-41
32        android:testOnly="true"
33        android:theme="@style/AppTheme" >
33-->src\main\AndroidManifest.xml:17:9-40
34
35        <!--
36                 for this simple app launchMode=singleTask and singleTop have same effect.
37                 If you would start another activity in the app, e.g. Android Settings
38                 then you should use singleTask, else a new MainActivity would be started
39                 when the settings activity is currently shown
40        -->
41        <activity
41-->src\main\AndroidManifest.xml:23:9-45:20
42            android:name="de.kai_morich.simple_usb_terminal.MainActivity"
42-->src\main\AndroidManifest.xml:24:13-41
43            android:directBootAware="true"
43-->src\main\AndroidManifest.xml:28:13-43
44            android:exported="true"
44-->src\main\AndroidManifest.xml:27:13-36
45            android:launchMode="singleTask"
45-->src\main\AndroidManifest.xml:25:13-44
46            android:windowSoftInputMode="stateHidden|adjustResize" >
46-->src\main\AndroidManifest.xml:26:13-67
47            <intent-filter>
47-->src\main\AndroidManifest.xml:29:13-32:29
48                <action android:name="android.intent.action.MAIN" />
48-->src\main\AndroidManifest.xml:30:17-69
48-->src\main\AndroidManifest.xml:30:25-66
49
50                <category android:name="android.intent.category.LAUNCHER" />
50-->src\main\AndroidManifest.xml:31:17-77
50-->src\main\AndroidManifest.xml:31:27-74
51            </intent-filter>
52            <intent-filter>
52-->src\main\AndroidManifest.xml:33:13-35:29
53                <action android:name="android.hardware.usb.action.USB_DEVICE_ATTACHED" />
53-->src\main\AndroidManifest.xml:34:17-90
53-->src\main\AndroidManifest.xml:34:25-87
54            </intent-filter>
55            <!-- <intent-filter> -->
56            <!-- <action android:name="android.intent.action.BOOT_COMPLETED" /> -->
57            <!-- <action android:name="android.intent.action.QUICKBOOT_POWERON" /> -->
58            <!-- <action android:name="android.intent.action.MY_PACKAGE_REPLACED" /> -->
59            <!-- <category android:name="android.intent.category.DEFAULT" /> -->
60            <!-- </intent-filter> -->
61            <meta-data
61-->src\main\AndroidManifest.xml:42:13-44:61
62                android:name="android.hardware.usb.action.USB_DEVICE_ATTACHED"
62-->src\main\AndroidManifest.xml:43:17-79
63                android:resource="@xml/usb_device_filter" />
63-->src\main\AndroidManifest.xml:44:17-58
64        </activity>
65
66        <service android:name="de.kai_morich.simple_usb_terminal.SerialService" />
66-->src\main\AndroidManifest.xml:46:9-50
66-->src\main\AndroidManifest.xml:46:18-47
67        <service android:name="de.kai_morich.simple_usb_terminal.SensorHelper" />
67-->src\main\AndroidManifest.xml:47:9-49
67-->src\main\AndroidManifest.xml:47:18-46
68        <service android:name="de.kai_morich.simple_usb_terminal.FirebaseService" />
68-->src\main\AndroidManifest.xml:48:9-52
68-->src\main\AndroidManifest.xml:48:18-49
69
70        <receiver android:name="de.kai_morich.simple_usb_terminal.FirebaseService$ActionListener" />
70-->src\main\AndroidManifest.xml:49:9-68
70-->src\main\AndroidManifest.xml:49:19-65
71        <receiver android:name="de.kai_morich.simple_usb_terminal.SerialService$ActionListener" />
71-->src\main\AndroidManifest.xml:50:9-66
71-->src\main\AndroidManifest.xml:50:19-63
72        <receiver
72-->src\main\AndroidManifest.xml:51:9-61:20
73            android:name="de.kai_morich.simple_usb_terminal.RestarterBroadcastReceiver"
73-->src\main\AndroidManifest.xml:51:19-61
74            android:enabled="true"
74-->src\main\AndroidManifest.xml:53:13-35
75            android:exported="true"
75-->src\main\AndroidManifest.xml:54:13-36
76            android:label="StartServiceAtBoot" >
76-->src\main\AndroidManifest.xml:52:13-47
77            <intent-filter>
77-->src\main\AndroidManifest.xml:55:13-60:29
78                <action android:name="android.intent.action.BOOT_COMPLETED" />
78-->src\main\AndroidManifest.xml:56:17-79
78-->src\main\AndroidManifest.xml:56:25-76
79                <action android:name="android.intent.action.QUICKBOOT_POWERON" />
79-->src\main\AndroidManifest.xml:57:17-82
79-->src\main\AndroidManifest.xml:57:25-79
80                <action android:name="android.intent.action.MY_PACKAGE_REPLACED" />
80-->src\main\AndroidManifest.xml:58:17-84
80-->src\main\AndroidManifest.xml:58:25-81
81
82                <category android:name="android.intent.category.DEFAULT" />
82-->src\main\AndroidManifest.xml:59:17-76
82-->src\main\AndroidManifest.xml:59:27-73
83            </intent-filter>
84        </receiver>
85        <receiver
85-->src\main\AndroidManifest.xml:62:9-67:20
86            android:name="de.kai_morich.simple_usb_terminal.LocationBroadcastReceiver"
86-->src\main\AndroidManifest.xml:62:19-60
87            android:exported="true" >
87-->src\main\AndroidManifest.xml:63:13-36
88            <intent-filter>
88-->src\main\AndroidManifest.xml:64:13-66:29
89                <action android:name="de.kai_morich.simple_usb_terminal.LocationBroadcastReceiver.ACTION_PROCESS_UPDATES" />
89-->src\main\AndroidManifest.xml:65:17-125
89-->src\main\AndroidManifest.xml:65:25-122
90            </intent-filter>
91        </receiver>
92        <receiver
92-->src\main\AndroidManifest.xml:68:9-73:15
93            android:name="de.kai_morich.simple_usb_terminal.MyDeviceAdminReceiver"
93-->src\main\AndroidManifest.xml:69:13-50
94            android:description="@string/app_name"
94-->src\main\AndroidManifest.xml:70:13-51
95            android:label="@string/app_name"
95-->src\main\AndroidManifest.xml:71:13-45
96            android:permission="android.permission.BIND_DEVICE_ADMIN" />
96-->src\main\AndroidManifest.xml:72:13-70
97        <!-- <receiver -->
98        <!-- android:name=".MyDeviceAdminReceiver" -->
99        <!-- android:description="@string/app_name" -->
100        <!-- android:label="@string/app_name" -->
101        <!-- android:permission="android.permission.BIND_DEVICE_ADMIN"> -->
102        <!-- </receiver> -->
103        <!-- <provider -->
104        <!-- android:name="androidx.work.impl.WorkManagerInitializer" -->
105        <!-- android:authorities="$de.kai_morich.simple_usb_terminal.workmanager-init" -->
106        <!-- tools:node="remove"/> -->
107
108        <service
108-->[com.google.firebase:firebase-storage:20.3.0] AndroidManifest.xml:27:9-36:19
109            android:name="com.google.firebase.components.ComponentDiscoveryService"
109-->[com.google.firebase:firebase-storage:20.3.0] AndroidManifest.xml:28:13-84
110            android:directBootAware="true"
110-->[com.google.firebase:firebase-common:20.4.2] AndroidManifest.xml:32:13-43
111            android:exported="false" >
111-->[com.google.firebase:firebase-storage:20.3.0] AndroidManifest.xml:29:13-37
112            <meta-data
112-->[com.google.firebase:firebase-storage:20.3.0] AndroidManifest.xml:30:13-32:85
113                android:name="com.google.firebase.components:com.google.firebase.storage.FirebaseStorageKtxRegistrar"
113-->[com.google.firebase:firebase-storage:20.3.0] AndroidManifest.xml:31:17-118
114                android:value="com.google.firebase.components.ComponentRegistrar" />
114-->[com.google.firebase:firebase-storage:20.3.0] AndroidManifest.xml:32:17-82
115            <meta-data
115-->[com.google.firebase:firebase-storage:20.3.0] AndroidManifest.xml:33:13-35:85
116                android:name="com.google.firebase.components:com.google.firebase.storage.StorageRegistrar"
116-->[com.google.firebase:firebase-storage:20.3.0] AndroidManifest.xml:34:17-107
117                android:value="com.google.firebase.components.ComponentRegistrar" />
117-->[com.google.firebase:firebase-storage:20.3.0] AndroidManifest.xml:35:17-82
118            <meta-data
118-->[com.google.firebase:firebase-auth:22.3.0] AndroidManifest.xml:69:13-71:85
119                android:name="com.google.firebase.components:com.google.firebase.auth.FirebaseAuthRegistrar"
119-->[com.google.firebase:firebase-auth:22.3.0] AndroidManifest.xml:70:17-109
120                android:value="com.google.firebase.components.ComponentRegistrar" />
120-->[com.google.firebase:firebase-auth:22.3.0] AndroidManifest.xml:71:17-82
121            <meta-data
121-->[com.google.firebase:firebase-appcheck:17.1.0] AndroidManifest.xml:25:13-27:85
122                android:name="com.google.firebase.components:com.google.firebase.appcheck.FirebaseAppCheckKtxRegistrar"
122-->[com.google.firebase:firebase-appcheck:17.1.0] AndroidManifest.xml:26:17-120
123                android:value="com.google.firebase.components.ComponentRegistrar" />
123-->[com.google.firebase:firebase-appcheck:17.1.0] AndroidManifest.xml:27:17-82
124            <meta-data
124-->[com.google.firebase:firebase-appcheck:17.1.0] AndroidManifest.xml:28:13-30:85
125                android:name="com.google.firebase.components:com.google.firebase.appcheck.FirebaseAppCheckRegistrar"
125-->[com.google.firebase:firebase-appcheck:17.1.0] AndroidManifest.xml:29:17-117
126                android:value="com.google.firebase.components.ComponentRegistrar" />
126-->[com.google.firebase:firebase-appcheck:17.1.0] AndroidManifest.xml:30:17-82
127            <meta-data
127-->[com.google.firebase:firebase-common-ktx:20.4.2] AndroidManifest.xml:12:13-14:85
128                android:name="com.google.firebase.components:com.google.firebase.ktx.FirebaseCommonLegacyRegistrar"
128-->[com.google.firebase:firebase-common-ktx:20.4.2] AndroidManifest.xml:13:17-116
129                android:value="com.google.firebase.components.ComponentRegistrar" />
129-->[com.google.firebase:firebase-common-ktx:20.4.2] AndroidManifest.xml:14:17-82
130            <meta-data
130-->[com.google.firebase:firebase-common:20.4.2] AndroidManifest.xml:35:13-37:85
131                android:name="com.google.firebase.components:com.google.firebase.FirebaseCommonKtxRegistrar"
131-->[com.google.firebase:firebase-common:20.4.2] AndroidManifest.xml:36:17-109
132                android:value="com.google.firebase.components.ComponentRegistrar" />
132-->[com.google.firebase:firebase-common:20.4.2] AndroidManifest.xml:37:17-82
133        </service>
134
135        <activity
135-->[com.google.firebase:firebase-auth:22.3.0] AndroidManifest.xml:29:9-46:20
136            android:name="com.google.firebase.auth.internal.GenericIdpActivity"
136-->[com.google.firebase:firebase-auth:22.3.0] AndroidManifest.xml:30:13-80
137            android:excludeFromRecents="true"
137-->[com.google.firebase:firebase-auth:22.3.0] AndroidManifest.xml:31:13-46
138            android:exported="true"
138-->[com.google.firebase:firebase-auth:22.3.0] AndroidManifest.xml:32:13-36
139            android:launchMode="singleTask"
139-->[com.google.firebase:firebase-auth:22.3.0] AndroidManifest.xml:33:13-44
140            android:theme="@android:style/Theme.Translucent.NoTitleBar" >
140-->[com.google.firebase:firebase-auth:22.3.0] AndroidManifest.xml:34:13-72
141            <intent-filter>
141-->[com.google.firebase:firebase-auth:22.3.0] AndroidManifest.xml:35:13-45:29
142                <action android:name="android.intent.action.VIEW" />
142-->[com.google.firebase:firebase-auth:22.3.0] AndroidManifest.xml:36:17-69
142-->[com.google.firebase:firebase-auth:22.3.0] AndroidManifest.xml:36:25-66
143
144                <category android:name="android.intent.category.DEFAULT" />
144-->src\main\AndroidManifest.xml:59:17-76
144-->src\main\AndroidManifest.xml:59:27-73
145                <category android:name="android.intent.category.BROWSABLE" />
145-->[com.google.firebase:firebase-auth:22.3.0] AndroidManifest.xml:39:17-78
145-->[com.google.firebase:firebase-auth:22.3.0] AndroidManifest.xml:39:27-75
146
147                <data
147-->[com.google.firebase:firebase-auth:22.3.0] AndroidManifest.xml:41:17-44:51
148                    android:host="firebase.auth"
148-->[com.google.firebase:firebase-auth:22.3.0] AndroidManifest.xml:42:21-49
149                    android:path="/"
149-->[com.google.firebase:firebase-auth:22.3.0] AndroidManifest.xml:43:21-37
150                    android:scheme="genericidp" />
150-->[com.google.firebase:firebase-auth:22.3.0] AndroidManifest.xml:44:21-48
151            </intent-filter>
152        </activity>
153        <activity
153-->[com.google.firebase:firebase-auth:22.3.0] AndroidManifest.xml:47:9-64:20
154            android:name="com.google.firebase.auth.internal.RecaptchaActivity"
154-->[com.google.firebase:firebase-auth:22.3.0] AndroidManifest.xml:48:13-79
155            android:excludeFromRecents="true"
155-->[com.google.firebase:firebase-auth:22.3.0] AndroidManifest.xml:49:13-46
156            android:exported="true"
156-->[com.google.firebase:firebase-auth:22.3.0] AndroidManifest.xml:50:13-36
157            android:launchMode="singleTask"
157-->[com.google.firebase:firebase-auth:22.3.0] AndroidManifest.xml:51:13-44
158            android:theme="@android:style/Theme.Translucent.NoTitleBar" >
158-->[com.google.firebase:firebase-auth:22.3.0] AndroidManifest.xml:52:13-72
159            <intent-filter>
159-->[com.google.firebase:firebase-auth:22.3.0] AndroidManifest.xml:53:13-63:29
160                <action android:name="android.intent.action.VIEW" />
160-->[com.google.firebase:firebase-auth:22.3.0] AndroidManifest.xml:36:17-69
160-->[com.google.firebase:firebase-auth:22.3.0] AndroidManifest.xml:36:25-66
161
162                <category android:name="android.intent.category.DEFAULT" />
162-->src\main\AndroidManifest.xml:59:17-76
162-->src\main\AndroidManifest.xml:59:27-73
163                <category android:name="android.intent.category.BROWSABLE" />
163-->[com.google.firebase:firebase-auth:22.3.0] AndroidManifest.xml:39:17-78
163-->[com.google.firebase:firebase-auth:22.3.0] AndroidManifest.xml:39:27-75
164
165                <data
165-->[com.google.firebase:firebase-auth:22.3.0] AndroidManifest.xml:41:17-44:51
166                    android:host="firebase.auth"
166-->[com.google.firebase:firebase-auth:22.3.0] AndroidManifest.xml:42:21-49
167                    android:path="/"
167-->[com.google.firebase:firebase-auth:22.3.0] AndroidManifest.xml:43:21-37
168                    android:scheme="recaptcha" />
168-->[com.google.firebase:firebase-auth:22.3.0] AndroidManifest.xml:44:21-48
169            </intent-filter>
170        </activity>
171
172        <provider
172-->[com.google.firebase:firebase-common:20.4.2] AndroidManifest.xml:23:9-28:39
173            android:name="com.google.firebase.provider.FirebaseInitProvider"
173-->[com.google.firebase:firebase-common:20.4.2] AndroidManifest.xml:24:13-77
174            android:authorities="de.kai_morich.simple_usb_terminal.firebaseinitprovider"
174-->[com.google.firebase:firebase-common:20.4.2] AndroidManifest.xml:25:13-72
175            android:directBootAware="true"
175-->[com.google.firebase:firebase-common:20.4.2] AndroidManifest.xml:26:13-43
176            android:exported="false"
176-->[com.google.firebase:firebase-common:20.4.2] AndroidManifest.xml:27:13-37
177            android:initOrder="100" />
177-->[com.google.firebase:firebase-common:20.4.2] AndroidManifest.xml:28:13-36
178
179        <activity
179-->[com.google.android.gms:play-services-base:18.1.0] AndroidManifest.xml:20:9-22:45
180            android:name="com.google.android.gms.common.api.GoogleApiActivity"
180-->[com.google.android.gms:play-services-base:18.1.0] AndroidManifest.xml:20:19-85
181            android:exported="false"
181-->[com.google.android.gms:play-services-base:18.1.0] AndroidManifest.xml:22:19-43
182            android:theme="@android:style/Theme.Translucent.NoTitleBar" />
182-->[com.google.android.gms:play-services-base:18.1.0] AndroidManifest.xml:21:19-78
183
184        <meta-data
184-->[com.google.android.gms:play-services-basement:18.1.0] AndroidManifest.xml:21:9-23:69
185            android:name="com.google.android.gms.version"
185-->[com.google.android.gms:play-services-basement:18.1.0] AndroidManifest.xml:22:13-58
186            android:value="@integer/google_play_services_version" />
186-->[com.google.android.gms:play-services-basement:18.1.0] AndroidManifest.xml:23:13-66
187
188        <provider
188-->[androidx.emoji2:emoji2:1.0.0] AndroidManifest.xml:26:9-34:20
189            android:name="androidx.startup.InitializationProvider"
189-->[androidx.emoji2:emoji2:1.0.0] AndroidManifest.xml:27:13-67
190            android:authorities="de.kai_morich.simple_usb_terminal.androidx-startup"
190-->[androidx.emoji2:emoji2:1.0.0] AndroidManifest.xml:28:13-68
191            android:exported="false" >
191-->[androidx.emoji2:emoji2:1.0.0] AndroidManifest.xml:29:13-37
192            <meta-data
192-->[androidx.emoji2:emoji2:1.0.0] AndroidManifest.xml:31:13-33:52
193                android:name="androidx.emoji2.text.EmojiCompatInitializer"
193-->[androidx.emoji2:emoji2:1.0.0] AndroidManifest.xml:32:17-75
194                android:value="androidx.startup" />
194-->[androidx.emoji2:emoji2:1.0.0] AndroidManifest.xml:33:17-49
195            <meta-data
195-->[androidx.work:work-runtime:2.7.1] AndroidManifest.xml:36:13-38:52
196                android:name="androidx.work.WorkManagerInitializer"
196-->[androidx.work:work-runtime:2.7.1] AndroidManifest.xml:37:17-68
197                android:value="androidx.startup" />
197-->[androidx.work:work-runtime:2.7.1] AndroidManifest.xml:38:17-49
198            <meta-data
198-->[androidx.lifecycle:lifecycle-process:2.4.0] AndroidManifest.xml:31:13-33:52
199                android:name="androidx.lifecycle.ProcessLifecycleInitializer"
199-->[androidx.lifecycle:lifecycle-process:2.4.0] AndroidManifest.xml:32:17-78
200                android:value="androidx.startup" />
200-->[androidx.lifecycle:lifecycle-process:2.4.0] AndroidManifest.xml:33:17-49
201        </provider>
202
203        <service
203-->[androidx.work:work-runtime:2.7.1] AndroidManifest.xml:41:9-46:35
204            android:name="androidx.work.impl.background.systemalarm.SystemAlarmService"
204-->[androidx.work:work-runtime:2.7.1] AndroidManifest.xml:42:13-88
205            android:directBootAware="false"
205-->[androidx.work:work-runtime:2.7.1] AndroidManifest.xml:43:13-44
206            android:enabled="@bool/enable_system_alarm_service_default"
206-->[androidx.work:work-runtime:2.7.1] AndroidManifest.xml:44:13-72
207            android:exported="false" />
207-->[androidx.work:work-runtime:2.7.1] AndroidManifest.xml:45:13-37
208        <service
208-->[androidx.work:work-runtime:2.7.1] AndroidManifest.xml:47:9-53:35
209            android:name="androidx.work.impl.background.systemjob.SystemJobService"
209-->[androidx.work:work-runtime:2.7.1] AndroidManifest.xml:48:13-84
210            android:directBootAware="false"
210-->[androidx.work:work-runtime:2.7.1] AndroidManifest.xml:49:13-44
211            android:enabled="@bool/enable_system_job_service_default"
211-->[androidx.work:work-runtime:2.7.1] AndroidManifest.xml:50:13-70
212            android:exported="true"
212-->[androidx.work:work-runtime:2.7.1] AndroidManifest.xml:51:13-36
213            android:permission="android.permission.BIND_JOB_SERVICE" />
213-->[androidx.work:work-runtime:2.7.1] AndroidManifest.xml:52:13-69
214        <service
214-->[androidx.work:work-runtime:2.7.1] AndroidManifest.xml:54:9-59:35
215            android:name="androidx.work.impl.foreground.SystemForegroundService"
215-->[androidx.work:work-runtime:2.7.1] AndroidManifest.xml:55:13-81
216            android:directBootAware="false"
216-->[androidx.work:work-runtime:2.7.1] AndroidManifest.xml:56:13-44
217            android:enabled="@bool/enable_system_foreground_service_default"
217-->[androidx.work:work-runtime:2.7.1] AndroidManifest.xml:57:13-77
218            android:exported="false" />
218-->[androidx.work:work-runtime:2.7.1] AndroidManifest.xml:58:13-37
219
220        <receiver
220-->[androidx.work:work-runtime:2.7.1] AndroidManifest.xml:61:9-66:35
221            android:name="androidx.work.impl.utils.ForceStopRunnable$BroadcastReceiver"
221-->[androidx.work:work-runtime:2.7.1] AndroidManifest.xml:62:13-88
222            android:directBootAware="false"
222-->[androidx.work:work-runtime:2.7.1] AndroidManifest.xml:63:13-44
223            android:enabled="true"
223-->[androidx.work:work-runtime:2.7.1] AndroidManifest.xml:64:13-35
224            android:exported="false" />
224-->[androidx.work:work-runtime:2.7.1] AndroidManifest.xml:65:13-37
225        <receiver
225-->[androidx.work:work-runtime:2.7.1] AndroidManifest.xml:67:9-77:20
226            android:name="androidx.work.impl.background.systemalarm.ConstraintProxy$BatteryChargingProxy"
226-->[androidx.work:work-runtime:2.7.1] AndroidManifest.xml:68:13-106
227            android:directBootAware="false"
227-->[androidx.work:work-runtime:2.7.1] AndroidManifest.xml:69:13-44
228            android:enabled="false"
228-->[androidx.work:work-runtime:2.7.1] AndroidManifest.xml:70:13-36
229            android:exported="false" >
229-->[androidx.work:work-runtime:2.7.1] AndroidManifest.xml:71:13-37
230            <intent-filter>
230-->[androidx.work:work-runtime:2.7.1] AndroidManifest.xml:73:13-76:29
231                <action android:name="android.intent.action.ACTION_POWER_CONNECTED" />
231-->[androidx.work:work-runtime:2.7.1] AndroidManifest.xml:74:17-87
231-->[androidx.work:work-runtime:2.7.1] AndroidManifest.xml:74:25-84
232                <action android:name="android.intent.action.ACTION_POWER_DISCONNECTED" />
232-->[androidx.work:work-runtime:2.7.1] AndroidManifest.xml:75:17-90
232-->[androidx.work:work-runtime:2.7.1] AndroidManifest.xml:75:25-87
233            </intent-filter>
234        </receiver>
235        <receiver
235-->[androidx.work:work-runtime:2.7.1] AndroidManifest.xml:78:9-88:20
236            android:name="androidx.work.impl.background.systemalarm.ConstraintProxy$BatteryNotLowProxy"
236-->[androidx.work:work-runtime:2.7.1] AndroidManifest.xml:79:13-104
237            android:directBootAware="false"
237-->[androidx.work:work-runtime:2.7.1] AndroidManifest.xml:80:13-44
238            android:enabled="false"
238-->[androidx.work:work-runtime:2.7.1] AndroidManifest.xml:81:13-36
239            android:exported="false" >
239-->[androidx.work:work-runtime:2.7.1] AndroidManifest.xml:82:13-37
240            <intent-filter>
240-->[androidx.work:work-runtime:2.7.1] AndroidManifest.xml:84:13-87:29
241                <action android:name="android.intent.action.BATTERY_OKAY" />
241-->[androidx.work:work-runtime:2.7.1] AndroidManifest.xml:85:17-77
241-->[androidx.work:work-runtime:2.7.1] AndroidManifest.xml:85:25-74
242                <action android:name="android.intent.action.BATTERY_LOW" />
242-->[androidx.work:work-runtime:2.7.1] AndroidManifest.xml:86:17-76
242-->[androidx.work:work-runtime:2.7.1] AndroidManifest.xml:86:25-73
243            </intent-filter>
244        </receiver>
245        <receiver
245-->[androidx.work:work-runtime:2.7.1] AndroidManifest.xml:89:9-99:20
246            android:name="androidx.work.impl.background.systemalarm.ConstraintProxy$StorageNotLowProxy"
246-->[androidx.work:work-runtime:2.7.1] AndroidManifest.xml:90:13-104
247            android:directBootAware="false"
247-->[androidx.work:work-runtime:2.7.1] AndroidManifest.xml:91:13-44
248            android:enabled="false"
248-->[androidx.work:work-runtime:2.7.1] AndroidManifest.xml:92:13-36
249            android:exported="false" >
249-->[androidx.work:work-runtime:2.7.1] AndroidManifest.xml:93:13-37
250            <intent-filter>
250-->[androidx.work:work-runtime:2.7.1] AndroidManifest.xml:95:13-98:29
251                <action android:name="android.intent.action.DEVICE_STORAGE_LOW" />
251-->[androidx.work:work-runtime:2.7.1] AndroidManifest.xml:96:17-83
251-->[androidx.work:work-runtime:2.7.1] AndroidManifest.xml:96:25-80
252                <action android:name="android.intent.action.DEVICE_STORAGE_OK" />
252-->[androidx.work:work-runtime:2.7.1] AndroidManifest.xml:97:17-82
252-->[androidx.work:work-runtime:2.7.1] AndroidManifest.xml:97:25-79
253            </intent-filter>
254        </receiver>
255        <receiver
255-->[androidx.work:work-runtime:2.7.1] AndroidManifest.xml:100:9-109:20
256            android:name="androidx.work.impl.background.systemalarm.ConstraintProxy$NetworkStateProxy"
256-->[androidx.work:work-runtime:2.7.1] AndroidManifest.xml:101:13-103
257            android:directBootAware="false"
257-->[androidx.work:work-runtime:2.7.1] AndroidManifest.xml:102:13-44
258            android:enabled="false"
258-->[androidx.work:work-runtime:2.7.1] AndroidManifest.xml:103:13-36
259            android:exported="false" >
259-->[androidx.work:work-runtime:2.7.1] AndroidManifest.xml:104:13-37
260            <intent-filter>
260-->[androidx.work:work-runtime:2.7.1] AndroidManifest.xml:106:13-108:29
261                <action android:name="android.net.conn.CONNECTIVITY_CHANGE" />
261-->[androidx.work:work-runtime:2.7.1] AndroidManifest.xml:107:17-79
261-->[androidx.work:work-runtime:2.7.1] AndroidManifest.xml:107:25-76
262            </intent-filter>
263        </receiver>
264        <receiver
264-->[androidx.work:work-runtime:2.7.1] AndroidManifest.xml:110:9-121:20
265            android:name="androidx.work.impl.background.systemalarm.RescheduleReceiver"
265-->[androidx.work:work-runtime:2.7.1] AndroidManifest.xml:111:13-88
266            android:directBootAware="false"
266-->[androidx.work:work-runtime:2.7.1] AndroidManifest.xml:112:13-44
267            android:enabled="false"
267-->[androidx.work:work-runtime:2.7.1] AndroidManifest.xml:113:13-36
268            android:exported="false" >
268-->[androidx.work:work-runtime:2.7.1] AndroidManifest.xml:114:13-37
269            <intent-filter>
269-->[androidx.work:work-runtime:2.7.1] AndroidManifest.xml:116:13-120:29
270                <action android:name="android.intent.action.BOOT_COMPLETED" />
270-->src\main\AndroidManifest.xml:56:17-79
270-->src\main\AndroidManifest.xml:56:25-76
271                <action android:name="android.intent.action.TIME_SET" />
271-->[androidx.work:work-runtime:2.7.1] AndroidManifest.xml:118:17-73
271-->[androidx.work:work-runtime:2.7.1] AndroidManifest.xml:118:25-70
272                <action android:name="android.intent.action.TIMEZONE_CHANGED" />
272-->[androidx.work:work-runtime:2.7.1] AndroidManifest.xml:119:17-81
272-->[androidx.work:work-runtime:2.7.1] AndroidManifest.xml:119:25-78
273            </intent-filter>
274        </receiver>
275        <receiver
275-->[androidx.work:work-runtime:2.7.1] AndroidManifest.xml:122:9-131:20
276            android:name="androidx.work.impl.background.systemalarm.ConstraintProxyUpdateReceiver"
276-->[androidx.work:work-runtime:2.7.1] AndroidManifest.xml:123:13-99
277            android:directBootAware="false"
277-->[androidx.work:work-runtime:2.7.1] AndroidManifest.xml:124:13-44
278            android:enabled="@bool/enable_system_alarm_service_default"
278-->[androidx.work:work-runtime:2.7.1] AndroidManifest.xml:125:13-72
279            android:exported="false" >
279-->[androidx.work:work-runtime:2.7.1] AndroidManifest.xml:126:13-37
280            <intent-filter>
280-->[androidx.work:work-runtime:2.7.1] AndroidManifest.xml:128:13-130:29